2023-09-06 15:25:22 [http-nio-8080-exec-2] com.safetynet.alerts.web.logging.EndpointsLogger.request()
INFO: Request getFireStationData.
2023-09-06 15:25:22 [http-nio-8080-exec-2] com.safetynet.alerts.web.logging.EndpointsLogger.successfullyGenerated()
INFO: Answer personCoveredByFireStation : successfully generated.
2023-09-06 15:25:22 [http-nio-8080-exec-3] com.safetynet.alerts.web.logging.EndpointsLogger.request()
INFO: Request getChildrenByAddress.
2023-09-06 15:25:22 [http-nio-8080-exec-3] com.safetynet.alerts.web.logging.EndpointsLogger.successfullyGenerated()
INFO: Answer childrenLivingAtThisAddress : successfully generated.
2023-09-06 15:25:22 [http-nio-8080-exec-5] com.safetynet.alerts.web.logging.EndpointsLogger.request()
INFO: Request getResidentsPhoneNumberCoveredByFirestation.
2023-09-06 15:25:22 [http-nio-8080-exec-5] com.safetynet.alerts.web.logging.EndpointsLogger.successfullyGenerated()
INFO: Answer residentsPhoneNumberCoveredByFirestation : successfully generated.
2023-09-06 15:25:22 [http-nio-8080-exec-4] com.safetynet.alerts.web.logging.EndpointsLogger.request()
INFO: Request getStationAndPersonsByAddress.
2023-09-06 15:25:22 [http-nio-8080-exec-4] com.safetynet.alerts.web.logging.EndpointsLogger.successfullyGenerated()
INFO: Answer residentsAndFireStationAtThisAddress : successfully generated.
2023-09-06 15:25:22 [http-nio-8080-exec-6] com.safetynet.alerts.web.logging.EndpointsLogger.request()
INFO: Request getPersonsWithTheirMedicalRecordsByStationNumber.
2023-09-06 15:25:22 [http-nio-8080-exec-8] com.safetynet.alerts.web.logging.EndpointsLogger.request()
INFO: Request getPersonInfoByFirstNameAndLastName.
2023-09-06 15:25:22 [http-nio-8080-exec-8] com.safetynet.alerts.web.logging.EndpointsLogger.successfullyGenerated()
INFO: Answer personInfoFromFirstAndLastName : successfully generated.
2023-09-06 15:25:22 [http-nio-8080-exec-9] com.safetynet.alerts.web.logging.EndpointsLogger.request()
INFO: Request getAllResidentsEmails.
2023-09-06 15:25:22 [http-nio-8080-exec-9] com.safetynet.alerts.web.logging.EndpointsLogger.successfullyGenerated()
INFO: Answer allResidentsEmailsFromCity : successfully generated.
2023-09-06 15:33:51 [http-nio-8080-exec-1] com.safetynet.alerts.web.logging.EndpointsLogger.request()
INFO: Request getAllResidentsEmails.
2023-09-06 15:33:52 [http-nio-8080-exec-1] com.safetynet.alerts.web.logging.EndpointsLogger.successfullyGenerated()
INFO: Answer allResidentsEmailsFromCity : successfully generated.
2023-09-06 15:59:50 [http-nio-8080-exec-2] com.safetynet.alerts.web.logging.EndpointsLogger.request()
INFO: Request getFireStationData.
2023-09-06 15:59:50 [http-nio-8080-exec-2] com.safetynet.alerts.web.logging.EndpointsLogger.successfullyGenerated()
INFO: Answer personCoveredByFireStation : successfully generated.
2023-09-06 15:59:50 [http-nio-8080-exec-3] com.safetynet.alerts.web.logging.EndpointsLogger.request()
INFO: Request getChildrenByAddress.
2023-09-06 15:59:50 [http-nio-8080-exec-3] com.safetynet.alerts.web.logging.EndpointsLogger.successfullyGenerated()
INFO: Answer childrenLivingAtThisAddress : successfully generated.
2023-09-06 15:59:50 [http-nio-8080-exec-4] com.safetynet.alerts.web.logging.EndpointsLogger.request()
INFO: Request getResidentsPhoneNumberCoveredByFirestation.
2023-09-06 15:59:50 [http-nio-8080-exec-4] com.safetynet.alerts.web.logging.EndpointsLogger.successfullyGenerated()
INFO: Answer residentsPhoneNumberCoveredByFirestation : successfully generated.
2023-09-06 15:59:50 [http-nio-8080-exec-5] com.safetynet.alerts.web.logging.EndpointsLogger.request()
INFO: Request getStationAndPersonsByAddress.
2023-09-06 15:59:51 [http-nio-8080-exec-5] com.safetynet.alerts.web.logging.EndpointsLogger.successfullyGenerated()
INFO: Answer residentsAndFireStationAtThisAddress : successfully generated.
2023-09-06 15:59:51 [http-nio-8080-exec-6] com.safetynet.alerts.web.logging.EndpointsLogger.request()
INFO: Request getPersonInfoByFirstNameAndLastName.
2023-09-06 15:59:51 [http-nio-8080-exec-6] com.safetynet.alerts.web.logging.EndpointsLogger.successfullyGenerated()
INFO: Answer personInfoFromFirstAndLastName : successfully generated.
2023-09-06 15:59:51 [http-nio-8080-exec-7] com.safetynet.alerts.web.logging.EndpointsLogger.request()
INFO: Request getAllResidentsEmails.
2023-09-06 15:59:51 [http-nio-8080-exec-7] com.safetynet.alerts.web.logging.EndpointsLogger.successfullyGenerated()
INFO: Answer allResidentsEmailsFromCity : successfully generated.
2023-09-06 16:03:37 [http-nio-8080-exec-2] com.safetynet.alerts.web.logging.EndpointsLogger.request()
INFO: Request getPersonInfoByFirstNameAndLastName.
2023-09-06 16:03:37 [http-nio-8080-exec-2] com.safetynet.alerts.web.logging.EndpointsLogger.successfullyGenerated()
INFO: Answer personInfoFromFirstAndLastName : successfully generated.
2023-09-06 16:04:26 [http-nio-8080-exec-1] com.safetynet.alerts.web.logging.EndpointsLogger.request()
INFO: Request getPersonInfoByFirstNameAndLastName.
2023-09-06 16:08:12 [http-nio-8080-exec-1] com.safetynet.alerts.web.logging.EndpointsLogger.request()
INFO: Request getPersonInfoByFirstNameAndLastName.
2023-09-06 16:08:12 [http-nio-8080-exec-1] com.safetynet.alerts.web.logging.EndpointsLogger.successfullyGenerated()
INFO: Answer personInfoFromFirstAndLastName : successfully generated.
2023-09-06 16:09:57 [http-nio-8080-exec-1] com.safetynet.alerts.web.logging.EndpointsLogger.request()
INFO: Request getPersonInfoByFirstNameAndLastName.
2023-09-06 16:09:57 [http-nio-8080-exec-1] com.safetynet.alerts.web.logging.EndpointsLogger.successfullyGenerated()
INFO: Answer personInfoFromFirstAndLastName : successfully generated.
2023-09-06 16:10:11 [http-nio-8080-exec-2] com.safetynet.alerts.web.logging.EndpointsLogger.request()
INFO: Request getPersonInfoByFirstNameAndLastName.
2023-09-06 16:10:11 [http-nio-8080-exec-2] com.safetynet.alerts.web.logging.EndpointsLogger.successfullyGenerated()
INFO: Answer personInfoFromFirstAndLastName : successfully generated.
2023-09-06 16:10:46 [http-nio-8080-exec-1] com.safetynet.alerts.web.logging.EndpointsLogger.request()
INFO: Request getPersonInfoByFirstNameAndLastName.
2023-09-06 16:13:42 [http-nio-8080-exec-2] com.safetynet.alerts.web.logging.EndpointsLogger.request()
INFO: Request getPersonInfoByFirstNameAndLastName.
2023-09-06 16:13:42 [http-nio-8080-exec-2] com.safetynet.alerts.web.logging.EndpointsLogger.successfullyGenerated()
INFO: Answer personInfoFromFirstAndLastName : successfully generated.
2023-09-06 16:27:48 [http-nio-8080-exec-1] com.safetynet.alerts.web.logging.EndpointsLogger.request()
INFO: Request getPersonsWithTheirMedicalRecordsByStationNumber.
2023-09-06 16:29:33 [http-nio-8080-exec-2] com.safetynet.alerts.web.logging.EndpointsLogger.request()
INFO: Request getPersonsWithTheirMedicalRecordsByStationNumber.
2023-09-06 16:30:03 [http-nio-8080-exec-2] com.safetynet.alerts.web.logging.EndpointsLogger.request()
INFO: Request getPersonsWithTheirMedicalRecordsByStationNumber.
2023-09-06 16:31:32 [http-nio-8080-exec-1] com.safetynet.alerts.web.logging.EndpointsLogger.request()
INFO: Request getPersonsWithTheirMedicalRecordsByStationNumber.
2023-09-06 16:31:32 [http-nio-8080-exec-1] com.safetynet.alerts.web.logging.EndpointsLogger.successfullyGenerated()
INFO: Answer householdsFromStationNumber : successfully generated.
2023-09-06 17:09:27 [http-nio-8080-exec-2] com.safetynet.alerts.web.logging.EndpointsLogger.request()
INFO: Request getPersonsWithTheirMedicalRecordsByStationNumber.
2023-09-06 17:13:30 [http-nio-8080-exec-1] com.safetynet.alerts.web.logging.EndpointsLogger.request()
INFO: Request getPersonsWithTheirMedicalRecordsByStationNumber.
2023-09-06 17:13:31 [http-nio-8080-exec-1] com.safetynet.alerts.web.logging.EndpointsLogger.successfullyGenerated()
INFO: Answer householdsFromStationNumber : successfully generated.
